Appying PersistentVolume for MySQL...
persistentvolume/mysql-pv-volume unchanged
Appying PersistentVolumeClaim for MySQL...
The PersistentVolumeClaim "mysql-pv-claim" is invalid: spec.resources.requests.storage: Forbidden: field can not be less than previous value
Appying Secrets for MySQL...
secret/mysql configured
Appying Deployment for MySQL...
deployment.apps/wordpress-mysql unchanged
Appying Service for MySQL...
The Service "wordpress-mysql" is invalid: spec.ports[0].name: Invalid value: "MySQLPort": a lowercase RFC 1123 label must consist of lower case alphanumeric characters or '-', and must start and end with an alphanumeric character (e.g. 'my-name',  or '123-abc', regex used for validation is '[a-z0-9]([-a-z0-9]*[a-z0-9])?')
Appying Deployment for PhpMyAdmin...
deployment.apps/phpmyadmin unchanged
Appying Service for PhpMyAdmin...
service/phpmyadmin-service configured
Appying PersistentVolume for WordPress...
persistentvolume/wordpress-pv-volume unchanged
Appying PersistentVolumeClaim for WordPress...
persistentvolumeclaim/wp-pv-claim unchanged
Appying Deployment for WordPress...
error: error parsing ../wordpress/deployment.yml: error converting YAML to JSON: yaml: line 41: did not find expected key
Appying Service for WordPress...
The Service "wordpress" is invalid: spec.ports[0].name: Invalid value: "WordPressPort": a lowercase RFC 1123 label must consist of lower case alphanumeric characters or '-', and must start and end with an alphanumeric character (e.g. 'my-name',  or '123-abc', regex used for validation is '[a-z0-9]([-a-z0-9]*[a-z0-9])?')
